<?xml version="1.0" encoding="UTF-8"?>
<!-- Generated by org.testng.reporters.JUnitXMLReporter -->
<testsuite ignored="0" hostname="LAPTOP-5OQ7G3CN" failures="1" tests="8" name="Test" time="112.499" errors="0" timestamp="2023-06-05T21:56:51 IST">
  <testcase classname="Project.orange.HRM.LoginTest" name="loginTest" time="3.013"/>
  <testcase classname="Project.orange.HRM.DashboardTest" name="Bottommenu" time="1.835"/>
  <testcase classname="Project.orange.HRM.DashboardTest" name="Dash_Frame1" time="3.297"/>
  <testcase classname="Project.orange.HRM.DashboardTest" name="MyActionsFrame" time="13.027"/>
  <testcase classname="Project.orange.HRM.DashboardTest" name="Profilepage" time="5.4"/>
  <testcase classname="Project.orange.HRM.DashboardTest" name="help" time="0.492"/>
  <testcase classname="Project.orange.HRM.DashboardTest" name="quicklaunch" time="20.638"/>
  <testcase classname="Project.orange.HRM.DirTest" name="DP" time="0.001">
    <failure type="java.lang.NullPointerException" message="Cannot invoke &amp;quot;org.openqa.selenium.SearchContext.findElement(org.openqa.selenium.By)&amp;quot; because &amp;quot;this.searchContext&amp;quot; is null">
      <![CDATA[java.lang.NullPointerException: Cannot invoke "org.openqa.selenium.SearchContext.findElement(org.openqa.selenium.By)" because "this.searchContext" is null
at org.openqa.selenium.support.pagefactory.DefaultElementLocator.findElement(DefaultElementLocator.java:70)
at org.openqa.selenium.support.pagefactory.internal.LocatingElementHandler.invoke(LocatingElementHandler.java:39)
at com.sun.proxy.$Proxy16.click(Unknown Source)
at Project.orange.HRM.Directory.dropdown(Directory.java:58)
at Project.orange.HRM.DirTest.DP(DirTest.java:28)
at java.base/java.util.ArrayList.forEach(ArrayList.java:1511)
... Removed 27 stack frames]]>
    </failure>
  </testcase> <!-- DP -->
</testsuite> <!-- Test -->
